Tue Mar 12 10:14:17 PDT 2019 Standalone Artifactory detected, continuing..
Tue Mar 12 10:14:17 PDT 2019 Stopping Artifactory 6.8.0...
Tue Mar 12 10:14:36 PDT 2019 Downloading Artifactory 6.8.6 from Bintray...
Tue Mar 12 10:15:06 PDT 2019 Unzipping Artifactory 6.8.6
Tue Mar 12 10:15:25 PDT 2019 Backing up JDBC Driver 
Tue Mar 12 10:15:25 PDT 2019 Upgrading Artifactory 6.8.0 to 6.8.6...
Tue Mar 12 10:15:25 PDT 2019 Restoring JDBC Driver 
Tue Mar 12 10:15:25 PDT 2019 Starting Artifactory 6.8.6...
Tue Mar 12 10:15:26 PDT 2019 Pinging Artifactory...
Tue Mar 12 10:15:26 PDT 2019 Time spent waiting for Artifactory to start:0 seconds...
Tue Mar 12 10:15:43 PDT 2019 Time spent waiting for Artifactory to start:2 seconds...
Tue Mar 12 10:15:45 PDT 2019 Time spent waiting for Artifactory to start:4 seconds...
Tue Mar 12 10:15:47 PDT 2019 Time spent waiting for Artifactory to start:6 seconds...
Tue Mar 12 10:15:49 PDT 2019 Time spent waiting for Artifactory to start:8 seconds...
Tue Mar 12 10:15:51 PDT 2019 Time spent waiting for Artifactory to start:10 seconds...
Tue Mar 12 10:15:53 PDT 2019 Time spent waiting for Artifactory to start:12 seconds...
Tue Mar 12 10:15:55 PDT 2019 Time spent waiting for Artifactory to start:14 seconds...
Tue Mar 12 10:15:57 PDT 2019 Time spent waiting for Artifactory to start:16 seconds...
Tue Mar 12 10:15:59 PDT 2019 Time spent waiting for Artifactory to start:18 seconds...
Tue Mar 12 10:16:01 PDT 2019 Time spent waiting for Artifactory to start:20 seconds...
Tue Mar 12 10:16:04 PDT 2019 Time spent waiting for Artifactory to start:22 seconds...
Tue Mar 12 10:16:06 PDT 2019 Artifactory Status: OK
Tue Mar 12 10:16:06 PDT 2019 Upgrade to Artifactory 6.8.6 complete.
